TN:
SF:src/NFTImplementation.sol
FN:20,NFTImplementation.initialize
FN:29,NFTImplementation.mint
FN:39,NFTImplementation.burn
FN:48,NFTImplementation.setTokenURI
FN:60,NFTImplementation.tokenURI
FNDA:2,NFTImplementation.initialize
FNDA:2,NFTImplementation.mint
FNDA:1,NFTImplementation.burn
FNDA:2,NFTImplementation.setTokenURI
FNDA:3,NFTImplementation.tokenURI
FNF:5
FNH:5
DA:20,2
DA:21,2
DA:22,2
DA:29,2
DA:30,2
DA:31,2
DA:32,2
DA:39,1
DA:40,1
DA:48,2
DA:49,2
DA:50,1
DA:52,1
DA:60,3
DA:61,3
DA:62,3
LF:16
LH:16
end_of_record
TN:
SF:src/NFTProxyFactory.sol
FN:20,NFTProxyFactory.constructor
FN:33,NFTProxyFactory.deployClone
FNDA:2,NFTProxyFactory.constructor
FNDA:2,NFTProxyFactory.deployClone
FNF:2
FNH:2
DA:20,2
DA:21,2
DA:22,0
DA:24,2
DA:33,2
DA:35,2
DA:37,2
DA:52,2
DA:54,2
DA:64,2
DA:74,2
DA:85,2
DA:89,2
DA:92,2
DA:94,2
DA:96,2
LF:16
LH:15
end_of_record
